{"/Users/rilsonoliveira/Desktop/Cursos/Rocketseat-Ignite/Trilha_RN_2021/gofinances/src/components/Form/Button/index.tsx": {"path":"/Users/rilsonoliveira/Desktop/Cursos/Rocketseat-Ignite/Trilha_RN_2021/gofinances/src/components/Form/Button/index.tsx","statementMap":{"0":{"start":{"line":10,"column":2},"end":{"line":14,"column":4}}},"fnMap":{"0":{"name":"Button","decl":{"start":{"line":9,"column":16},"end":{"line":9,"column":22}},"loc":{"start":{"line":9,"column":59},"end":{"line":15,"column":1}},"line":9}},"branchMap":{},"s":{"0":3},"f":{"0":3},"b":{},"_coverageSchema":"1a1c01bbd47fc00a2c39e90264f33305004495a9","hash":"efd49a24a3d62771e4980f5deec58e2953f52752"}
,"/Users/rilsonoliveira/Desktop/Cursos/Rocketseat-Ignite/Trilha_RN_2021/gofinances/src/components/Form/Button/styles.ts": {"path":"/Users/rilsonoliveira/Desktop/Cursos/Rocketseat-Ignite/Trilha_RN_2021/gofinances/src/components/Form/Button/styles.ts","statementMap":{"0":{"start":{"line":5,"column":25},"end":{"line":11,"column":1}},"1":{"start":{"line":7,"column":37},"end":{"line":7,"column":59}},"2":{"start":{"line":13,"column":21},"end":{"line":17,"column":1}},"3":{"start":{"line":14,"column":32},"end":{"line":14,"column":50}},"4":{"start":{"line":16,"column":26},"end":{"line":16,"column":44}}},"fnMap":{"0":{"name":"(anonymous_0)","decl":{"start":{"line":7,"column":22},"end":{"line":7,"column":23}},"loc":{"start":{"line":7,"column":37},"end":{"line":7,"column":59}},"line":7},"1":{"name":"(anonymous_1)","decl":{"start":{"line":14,"column":17},"end":{"line":14,"column":18}},"loc":{"start":{"line":14,"column":32},"end":{"line":14,"column":50}},"line":14},"2":{"name":"(anonymous_2)","decl":{"start":{"line":16,"column":11},"end":{"line":16,"column":12}},"loc":{"start":{"line":16,"column":26},"end":{"line":16,"column":44}},"line":16}},"branchMap":{},"s":{"0":1,"1":3,"2":1,"3":3,"4":3},"f":{"0":3,"1":3,"2":3},"b":{},"_coverageSchema":"1a1c01bbd47fc00a2c39e90264f33305004495a9","hash":"6aee9b1689ec804a20b14fecd7af13e9973f179c"}
,"/Users/rilsonoliveira/Desktop/Cursos/Rocketseat-Ignite/Trilha_RN_2021/gofinances/src/components/Form/CategorySelectButton/index.tsx": {"path":"/Users/rilsonoliveira/Desktop/Cursos/Rocketseat-Ignite/Trilha_RN_2021/gofinances/src/components/Form/CategorySelectButton/index.tsx","statementMap":{"0":{"start":{"line":10,"column":2},"end":{"line":15,"column":4}}},"fnMap":{"0":{"name":"CategorySelectButton","decl":{"start":{"line":9,"column":16},"end":{"line":9,"column":36}},"loc":{"start":{"line":9,"column":72},"end":{"line":16,"column":1}},"line":9}},"branchMap":{},"s":{"0":2},"f":{"0":2},"b":{},"_coverageSchema":"1a1c01bbd47fc00a2c39e90264f33305004495a9","hash":"95c944aee93af0cb668c45b5d094d74ac62c3ccc"}
,"/Users/rilsonoliveira/Desktop/Cursos/Rocketseat-Ignite/Trilha_RN_2021/gofinances/src/components/Form/CategorySelectButton/styles.ts": {"path":"/Users/rilsonoliveira/Desktop/Cursos/Rocketseat-Ignite/Trilha_RN_2021/gofinances/src/components/Form/CategorySelectButton/styles.ts","statementMap":{"0":{"start":{"line":6,"column":25},"end":{"line":15,"column":1}},"1":{"start":{"line":9,"column":37},"end":{"line":9,"column":55}},"2":{"start":{"line":17,"column":24},"end":{"line":21,"column":1}},"3":{"start":{"line":18,"column":32},"end":{"line":18,"column":51}},"4":{"start":{"line":20,"column":26},"end":{"line":20,"column":43}},"5":{"start":{"line":23,"column":20},"end":{"line":26,"column":1}},"6":{"start":{"line":25,"column":26},"end":{"line":25,"column":43}}},"fnMap":{"0":{"name":"(anonymous_0)","decl":{"start":{"line":9,"column":22},"end":{"line":9,"column":23}},"loc":{"start":{"line":9,"column":37},"end":{"line":9,"column":55}},"line":9},"1":{"name":"(anonymous_1)","decl":{"start":{"line":18,"column":17},"end":{"line":18,"column":18}},"loc":{"start":{"line":18,"column":32},"end":{"line":18,"column":51}},"line":18},"2":{"name":"(anonymous_2)","decl":{"start":{"line":20,"column":11},"end":{"line":20,"column":12}},"loc":{"start":{"line":20,"column":26},"end":{"line":20,"column":43}},"line":20},"3":{"name":"(anonymous_3)","decl":{"start":{"line":25,"column":11},"end":{"line":25,"column":12}},"loc":{"start":{"line":25,"column":26},"end":{"line":25,"column":43}},"line":25}},"branchMap":{},"s":{"0":1,"1":2,"2":1,"3":2,"4":2,"5":1,"6":2},"f":{"0":2,"1":2,"2":2,"3":2},"b":{},"_coverageSchema":"1a1c01bbd47fc00a2c39e90264f33305004495a9","hash":"68bfe01af7dca87fe34c9ae0afdb3eefef0a7b85"}
,"/Users/rilsonoliveira/Desktop/Cursos/Rocketseat-Ignite/Trilha_RN_2021/gofinances/src/components/Form/Input/index.tsx": {"path":"/Users/rilsonoliveira/Desktop/Cursos/Rocketseat-Ignite/Trilha_RN_2021/gofinances/src/components/Form/Input/index.tsx","statementMap":{"0":{"start":{"line":10,"column":2},"end":{"line":10,"column":49}}},"fnMap":{"0":{"name":"Input","decl":{"start":{"line":9,"column":16},"end":{"line":9,"column":21}},"loc":{"start":{"line":9,"column":58},"end":{"line":11,"column":1}},"line":9}},"branchMap":{"0":{"loc":{"start":{"line":9,"column":24},"end":{"line":9,"column":38}},"type":"default-arg","locations":[{"start":{"line":9,"column":33},"end":{"line":9,"column":38}}],"line":9}},"s":{"0":5},"f":{"0":5},"b":{"0":[4]},"_coverageSchema":"1a1c01bbd47fc00a2c39e90264f33305004495a9","hash":"7101d368e451af42f8dfa33072a9c3f250b1e294"}
,"/Users/rilsonoliveira/Desktop/Cursos/Rocketseat-Ignite/Trilha_RN_2021/gofinances/src/components/Form/Input/styles.ts": {"path":"/Users/rilsonoliveira/Desktop/Cursos/Rocketseat-Ignite/Trilha_RN_2021/gofinances/src/components/Form/Input/styles.ts","statementMap":{"0":{"start":{"line":9,"column":25},"end":{"line":25,"column":1}},"1":{"start":{"line":13,"column":32},"end":{"line":13,"column":51}},"2":{"start":{"line":14,"column":26},"end":{"line":14,"column":48}},"3":{"start":{"line":15,"column":37},"end":{"line":15,"column":55}},"4":{"start":{"line":20,"column":4},"end":{"line":24,"column":5}}},"fnMap":{"0":{"name":"(anonymous_0)","decl":{"start":{"line":13,"column":17},"end":{"line":13,"column":18}},"loc":{"start":{"line":13,"column":32},"end":{"line":13,"column":51}},"line":13},"1":{"name":"(anonymous_1)","decl":{"start":{"line":14,"column":11},"end":{"line":14,"column":12}},"loc":{"start":{"line":14,"column":26},"end":{"line":14,"column":48}},"line":14},"2":{"name":"(anonymous_2)","decl":{"start":{"line":15,"column":22},"end":{"line":15,"column":23}},"loc":{"start":{"line":15,"column":37},"end":{"line":15,"column":55}},"line":15},"3":{"name":"(anonymous_3)","decl":{"start":{"line":19,"column":4},"end":{"line":19,"column":5}},"loc":{"start":{"line":20,"column":4},"end":{"line":24,"column":5}},"line":20}},"branchMap":{"0":{"loc":{"start":{"line":20,"column":4},"end":{"line":24,"column":5}},"type":"binary-expr","locations":[{"start":{"line":20,"column":4},"end":{"line":20,"column":10}},{"start":{"line":21,"column":4},"end":{"line":24,"column":5}}],"line":20}},"s":{"0":2,"1":5,"2":5,"3":5,"4":5},"f":{"0":5,"1":5,"2":5,"3":5},"b":{"0":[5,1]},"_coverageSchema":"1a1c01bbd47fc00a2c39e90264f33305004495a9","hash":"633cce042b3424e55f9cd0b18d7aebd2e04e2a2c"}
,"/Users/rilsonoliveira/Desktop/Cursos/Rocketseat-Ignite/Trilha_RN_2021/gofinances/src/components/Form/InputForm/index.tsx": {"path":"/Users/rilsonoliveira/Desktop/Cursos/Rocketseat-Ignite/Trilha_RN_2021/gofinances/src/components/Form/InputForm/index.tsx","statementMap":{"0":{"start":{"line":14,"column":2},"end":{"line":25,"column":4}},"1":{"start":{"line":19,"column":10},"end":{"line":19,"column":67}}},"fnMap":{"0":{"name":"InputForm","decl":{"start":{"line":13,"column":16},"end":{"line":13,"column":25}},"loc":{"start":{"line":13,"column":68},"end":{"line":26,"column":1}},"line":13},"1":{"name":"(anonymous_1)","decl":{"start":{"line":18,"column":16},"end":{"line":18,"column":17}},"loc":{"start":{"line":19,"column":10},"end":{"line":19,"column":67}},"line":19}},"branchMap":{"0":{"loc":{"start":{"line":23,"column":7},"end":{"line":23,"column":38}},"type":"binary-expr","locations":[{"start":{"line":23,"column":7},"end":{"line":23,"column":12}},{"start":{"line":23,"column":16},"end":{"line":23,"column":38}}],"line":23}},"s":{"0":4,"1":4},"f":{"0":4,"1":4},"b":{"0":[4,0]},"_coverageSchema":"1a1c01bbd47fc00a2c39e90264f33305004495a9","hash":"c1cba92b18e24ea452c6f4518869689bad0c3053"}
,"/Users/rilsonoliveira/Desktop/Cursos/Rocketseat-Ignite/Trilha_RN_2021/gofinances/src/components/Form/InputForm/styles.ts": {"path":"/Users/rilsonoliveira/Desktop/Cursos/Rocketseat-Ignite/Trilha_RN_2021/gofinances/src/components/Form/InputForm/styles.ts","statementMap":{"0":{"start":{"line":5,"column":25},"end":{"line":7,"column":1}},"1":{"start":{"line":9,"column":21},"end":{"line":14,"column":1}},"2":{"start":{"line":11,"column":32},"end":{"line":11,"column":51}},"3":{"start":{"line":12,"column":26},"end":{"line":12,"column":48}}},"fnMap":{"0":{"name":"(anonymous_0)","decl":{"start":{"line":11,"column":17},"end":{"line":11,"column":18}},"loc":{"start":{"line":11,"column":32},"end":{"line":11,"column":51}},"line":11},"1":{"name":"(anonymous_1)","decl":{"start":{"line":12,"column":11},"end":{"line":12,"column":12}},"loc":{"start":{"line":12,"column":26},"end":{"line":12,"column":48}},"line":12}},"branchMap":{},"s":{"0":1,"1":1,"2":0,"3":0},"f":{"0":0,"1":0},"b":{},"_coverageSchema":"1a1c01bbd47fc00a2c39e90264f33305004495a9","hash":"e37c012fab51a2699097a2158ac222f800903058"}
,"/Users/rilsonoliveira/Desktop/Cursos/Rocketseat-Ignite/Trilha_RN_2021/gofinances/src/components/Form/TransactionTypeButton/index.tsx": {"path":"/Users/rilsonoliveira/Desktop/Cursos/Rocketseat-Ignite/Trilha_RN_2021/gofinances/src/components/Form/TransactionTypeButton/index.tsx","statementMap":{"0":{"start":{"line":11,"column":14},"end":{"line":14,"column":1}},"1":{"start":{"line":22,"column":2},"end":{"line":29,"column":4}}},"fnMap":{"0":{"name":"TransactionTypeButton","decl":{"start":{"line":16,"column":16},"end":{"line":16,"column":37}},"loc":{"start":{"line":21,"column":10},"end":{"line":30,"column":1}},"line":21}},"branchMap":{},"s":{"0":1,"1":4},"f":{"0":4},"b":{},"_coverageSchema":"1a1c01bbd47fc00a2c39e90264f33305004495a9","hash":"e85df1994849fd2f53afef0e17ad68ebcdc77182"}
,"/Users/rilsonoliveira/Desktop/Cursos/Rocketseat-Ignite/Trilha_RN_2021/gofinances/src/components/Form/TransactionTypeButton/styles.ts": {"path":"/Users/rilsonoliveira/Desktop/Cursos/Rocketseat-Ignite/Trilha_RN_2021/gofinances/src/components/Form/TransactionTypeButton/styles.ts","statementMap":{"0":{"start":{"line":15,"column":25},"end":{"line":35,"column":1}},"1":{"start":{"line":17,"column":43},"end":{"line":17,"column":61}},"2":{"start":{"line":19,"column":33},"end":{"line":19,"column":50}},"3":{"start":{"line":23,"column":4},"end":{"line":27,"column":5}},"4":{"start":{"line":26,"column":41},"end":{"line":26,"column":67}},"5":{"start":{"line":30,"column":4},"end":{"line":34,"column":5}},"6":{"start":{"line":33,"column":41},"end":{"line":33,"column":69}},"7":{"start":{"line":37,"column":22},"end":{"line":42,"column":1}},"8":{"start":{"line":44,"column":20},"end":{"line":49,"column":1}},"9":{"start":{"line":48,"column":4},"end":{"line":48,"column":65}},"10":{"start":{"line":51,"column":21},"end":{"line":54,"column":1}},"11":{"start":{"line":52,"column":32},"end":{"line":52,"column":51}}},"fnMap":{"0":{"name":"(anonymous_0)","decl":{"start":{"line":17,"column":18},"end":{"line":17,"column":19}},"loc":{"start":{"line":17,"column":43},"end":{"line":17,"column":61}},"line":17},"1":{"name":"(anonymous_1)","decl":{"start":{"line":19,"column":18},"end":{"line":19,"column":19}},"loc":{"start":{"line":19,"column":33},"end":{"line":19,"column":50}},"line":19},"2":{"name":"(anonymous_2)","decl":{"start":{"line":22,"column":4},"end":{"line":22,"column":5}},"loc":{"start":{"line":23,"column":4},"end":{"line":27,"column":5}},"line":23},"3":{"name":"(anonymous_3)","decl":{"start":{"line":26,"column":26},"end":{"line":26,"column":27}},"loc":{"start":{"line":26,"column":41},"end":{"line":26,"column":67}},"line":26},"4":{"name":"(anonymous_4)","decl":{"start":{"line":29,"column":4},"end":{"line":29,"column":5}},"loc":{"start":{"line":30,"column":4},"end":{"line":34,"column":5}},"line":30},"5":{"name":"(anonymous_5)","decl":{"start":{"line":33,"column":26},"end":{"line":33,"column":27}},"loc":{"start":{"line":33,"column":41},"end":{"line":33,"column":69}},"line":33},"6":{"name":"(anonymous_6)","decl":{"start":{"line":47,"column":11},"end":{"line":47,"column":12}},"loc":{"start":{"line":48,"column":4},"end":{"line":48,"column":65}},"line":48},"7":{"name":"(anonymous_7)","decl":{"start":{"line":52,"column":17},"end":{"line":52,"column":18}},"loc":{"start":{"line":52,"column":32},"end":{"line":52,"column":51}},"line":52}},"branchMap":{"0":{"loc":{"start":{"line":17,"column":43},"end":{"line":17,"column":61}},"type":"cond-expr","locations":[{"start":{"line":17,"column":54},"end":{"line":17,"column":55}},{"start":{"line":17,"column":58},"end":{"line":17,"column":61}}],"line":17},"1":{"loc":{"start":{"line":23,"column":4},"end":{"line":27,"column":5}},"type":"binary-expr","locations":[{"start":{"line":23,"column":4},"end":{"line":23,"column":12}},{"start":{"line":24,"column":4},"end":{"line":24,"column":17}},{"start":{"line":25,"column":4},"end":{"line":27,"column":5}}],"line":23},"2":{"loc":{"start":{"line":30,"column":4},"end":{"line":34,"column":5}},"type":"binary-expr","locations":[{"start":{"line":30,"column":4},"end":{"line":30,"column":12}},{"start":{"line":31,"column":4},"end":{"line":31,"column":19}},{"start":{"line":32,"column":4},"end":{"line":34,"column":5}}],"line":30},"3":{"loc":{"start":{"line":48,"column":4},"end":{"line":48,"column":65}},"type":"cond-expr","locations":[{"start":{"line":48,"column":20},"end":{"line":48,"column":40}},{"start":{"line":48,"column":43},"end":{"line":48,"column":65}}],"line":48}},"s":{"0":1,"1":4,"2":4,"3":4,"4":0,"5":4,"6":0,"7":1,"8":1,"9":4,"10":1,"11":4},"f":{"0":4,"1":4,"2":4,"3":0,"4":4,"5":0,"6":4,"7":4},"b":{"0":[0,4],"1":[4,0,0],"2":[4,0,0],"3":[2,2]},"_coverageSchema":"1a1c01bbd47fc00a2c39e90264f33305004495a9","hash":"8ae0bd42dcbc1b145c8217c4913c289c709917dd"}
,"/Users/rilsonoliveira/Desktop/Cursos/Rocketseat-Ignite/Trilha_RN_2021/gofinances/src/global/styles/theme.ts": {"path":"/Users/rilsonoliveira/Desktop/Cursos/Rocketseat-Ignite/Trilha_RN_2021/gofinances/src/global/styles/theme.ts","statementMap":{},"fnMap":{},"branchMap":{},"s":{},"f":{},"b":{},"_coverageSchema":"1a1c01bbd47fc00a2c39e90264f33305004495a9","hash":"257e5d3a4450c8358ee52ddf4f20e25d7be921c5"}
,"/Users/rilsonoliveira/Desktop/Cursos/Rocketseat-Ignite/Trilha_RN_2021/gofinances/src/hooks/auth.tsx": {"path":"/Users/rilsonoliveira/Desktop/Cursos/Rocketseat-Ignite/Trilha_RN_2021/gofinances/src/hooks/auth.tsx","statementMap":{"0":{"start":{"line":13,"column":22},"end":{"line":13,"column":33}},"1":{"start":{"line":14,"column":25},"end":{"line":14,"column":36}},"2":{"start":{"line":38,"column":27},"end":{"line":38,"column":64}},"3":{"start":{"line":41,"column":26},"end":{"line":41,"column":52}},"4":{"start":{"line":42,"column":54},"end":{"line":42,"column":68}},"5":{"start":{"line":44,"column":25},"end":{"line":44,"column":43}},"6":{"start":{"line":47,"column":4},"end":{"line":75,"column":5}},"7":{"start":{"line":48,"column":28},"end":{"line":48,"column":35}},"8":{"start":{"line":49,"column":20},"end":{"line":49,"column":46}},"9":{"start":{"line":51,"column":22},"end":{"line":51,"column":166}},"10":{"start":{"line":53,"column":31},"end":{"line":55,"column":34}},"11":{"start":{"line":57,"column":6},"end":{"line":72,"column":7}},"12":{"start":{"line":58,"column":25},"end":{"line":60,"column":9}},"13":{"start":{"line":61,"column":25},"end":{"line":61,"column":46}},"14":{"start":{"line":63,"column":27},"end":{"line":68,"column":9}},"15":{"start":{"line":70,"column":8},"end":{"line":70,"column":28}},"16":{"start":{"line":71,"column":8},"end":{"line":71,"column":79}},"17":{"start":{"line":74,"column":6},"end":{"line":74,"column":29}},"18":{"start":{"line":79,"column":4},"end":{"line":103,"column":5}},"19":{"start":{"line":80,"column":25},"end":{"line":85,"column":8}},"20":{"start":{"line":87,"column":6},"end":{"line":100,"column":7}},"21":{"start":{"line":88,"column":21},"end":{"line":88,"column":51}},"22":{"start":{"line":89,"column":22},"end":{"line":89,"column":73}},"23":{"start":{"line":90,"column":27},"end":{"line":95,"column":9}},"24":{"start":{"line":97,"column":8},"end":{"line":97,"column":32}},"25":{"start":{"line":98,"column":8},"end":{"line":98,"column":28}},"26":{"start":{"line":99,"column":8},"end":{"line":99,"column":79}},"27":{"start":{"line":102,"column":6},"end":{"line":102,"column":29}},"28":{"start":{"line":106,"column":18},"end":{"line":110,"column":3}},"29":{"start":{"line":107,"column":4},"end":{"line":107,"column":24}},"30":{"start":{"line":109,"column":4},"end":{"line":109,"column":50}},"31":{"start":{"line":112,"column":16},"end":{"line":115,"column":3}},"32":{"start":{"line":113,"column":11},"end":{"line":113,"column":66}},"33":{"start":{"line":117,"column":2},"end":{"line":130,"column":9}},"34":{"start":{"line":119,"column":25},"end":{"line":119,"column":67}},"35":{"start":{"line":121,"column":6},"end":{"line":124,"column":7}},"36":{"start":{"line":122,"column":27},"end":{"line":122,"column":49}},"37":{"start":{"line":123,"column":8},"end":{"line":123,"column":28}},"38":{"start":{"line":126,"column":6},"end":{"line":126,"column":35}},"39":{"start":{"line":129,"column":4},"end":{"line":129,"column":26}},"40":{"start":{"line":132,"column":2},"end":{"line":144,"column":4}},"41":{"start":{"line":148,"column":18},"end":{"line":148,"column":41}},"42":{"start":{"line":149,"column":2},"end":{"line":149,"column":17}}},"fnMap":{"0":{"name":"AuthProvider","decl":{"start":{"line":40,"column":9},"end":{"line":40,"column":21}},"loc":{"start":{"line":40,"column":36},"end":{"line":145,"column":1}},"line":40},"1":{"name":"signInWithGoogle","decl":{"start":{"line":46,"column":17},"end":{"line":46,"column":33}},"loc":{"start":{"line":46,"column":36},"end":{"line":76,"column":3}},"line":46},"2":{"name":"signInWithApple","decl":{"start":{"line":78,"column":17},"end":{"line":78,"column":32}},"loc":{"start":{"line":78,"column":35},"end":{"line":104,"column":3}},"line":78},"3":{"name":"(anonymous_3)","decl":{"start":{"line":106,"column":18},"end":{"line":106,"column":19}},"loc":{"start":{"line":106,"column":30},"end":{"line":110,"column":3}},"line":106},"4":{"name":"(anonymous_4)","decl":{"start":{"line":113,"column":4},"end":{"line":113,"column":5}},"loc":{"start":{"line":113,"column":11},"end":{"line":113,"column":66}},"line":113},"5":{"name":"(anonymous_5)","decl":{"start":{"line":117,"column":12},"end":{"line":117,"column":13}},"loc":{"start":{"line":117,"column":18},"end":{"line":130,"column":3}},"line":117},"6":{"name":"loadUserStorageData","decl":{"start":{"line":118,"column":19},"end":{"line":118,"column":38}},"loc":{"start":{"line":118,"column":41},"end":{"line":127,"column":5}},"line":118},"7":{"name":"useAuth","decl":{"start":{"line":147,"column":9},"end":{"line":147,"column":16}},"loc":{"start":{"line":147,"column":19},"end":{"line":150,"column":1}},"line":147}},"branchMap":{"0":{"loc":{"start":{"line":57,"column":6},"end":{"line":72,"column":7}},"type":"if","locations":[{"start":{"line":57,"column":6},"end":{"line":72,"column":7}},{"start":{},"end":{}}],"line":57},"1":{"loc":{"start":{"line":87,"column":6},"end":{"line":100,"column":7}},"type":"if","locations":[{"start":{"line":87,"column":6},"end":{"line":100,"column":7}},{"start":{},"end":{}}],"line":87},"2":{"loc":{"start":{"line":121,"column":6},"end":{"line":124,"column":7}},"type":"if","locations":[{"start":{"line":121,"column":6},"end":{"line":124,"column":7}},{"start":{},"end":{}}],"line":121}},"s":{"0":2,"1":2,"2":2,"3":6,"4":6,"5":6,"6":2,"7":2,"8":2,"9":2,"10":2,"11":2,"12":1,"13":1,"14":1,"15":1,"16":1,"17":0,"18":0,"19":0,"20":0,"21":0,"22":0,"23":0,"24":0,"25":0,"26":0,"27":0,"28":6,"29":0,"30":0,"31":6,"32":6,"33":6,"34":2,"35":2,"36":1,"37":1,"38":2,"39":2,"40":6,"41":8,"42":8},"f":{"0":6,"1":2,"2":0,"3":0,"4":6,"5":2,"6":2,"7":8},"b":{"0":[1,1],"1":[0,0],"2":[1,1]},"_coverageSchema":"1a1c01bbd47fc00a2c39e90264f33305004495a9","hash":"4f180e911c4841dd96aaf439345cd9accaecfc61"}
,"/Users/rilsonoliveira/Desktop/Cursos/Rocketseat-Ignite/Trilha_RN_2021/gofinances/src/screens/CategorySelect/index.tsx": {"path":"/Users/rilsonoliveira/Desktop/Cursos/Rocketseat-Ignite/Trilha_RN_2021/gofinances/src/screens/CategorySelect/index.tsx","statementMap":{"0":{"start":{"line":33,"column":4},"end":{"line":33,"column":26}},"1":{"start":{"line":35,"column":2},"end":{"line":60,"column":4}},"2":{"start":{"line":43,"column":32},"end":{"line":43,"column":40}},"3":{"start":{"line":45,"column":10},"end":{"line":51,"column":21}},"4":{"start":{"line":46,"column":27},"end":{"line":46,"column":53}},"5":{"start":{"line":53,"column":38},"end":{"line":53,"column":51}}},"fnMap":{"0":{"name":"CategorySelect","decl":{"start":{"line":27,"column":16},"end":{"line":27,"column":30}},"loc":{"start":{"line":31,"column":10},"end":{"line":61,"column":1}},"line":31},"1":{"name":"handleCategorySelect","decl":{"start":{"line":32,"column":11},"end":{"line":32,"column":31}},"loc":{"start":{"line":32,"column":52},"end":{"line":34,"column":3}},"line":32},"2":{"name":"(anonymous_2)","decl":{"start":{"line":43,"column":22},"end":{"line":43,"column":23}},"loc":{"start":{"line":43,"column":32},"end":{"line":43,"column":40}},"line":43},"3":{"name":"(anonymous_3)","decl":{"start":{"line":44,"column":20},"end":{"line":44,"column":21}},"loc":{"start":{"line":45,"column":10},"end":{"line":51,"column":21}},"line":45},"4":{"name":"(anonymous_4)","decl":{"start":{"line":46,"column":21},"end":{"line":46,"column":22}},"loc":{"start":{"line":46,"column":27},"end":{"line":46,"column":53}},"line":46},"5":{"name":"(anonymous_5)","decl":{"start":{"line":53,"column":32},"end":{"line":53,"column":33}},"loc":{"start":{"line":53,"column":38},"end":{"line":53,"column":51}},"line":53}},"branchMap":{},"s":{"0":0,"1":1,"2":6,"3":6,"4":0,"5":5},"f":{"0":1,"1":0,"2":6,"3":6,"4":0,"5":5},"b":{},"_coverageSchema":"1a1c01bbd47fc00a2c39e90264f33305004495a9","hash":"fed59e9f4f0d8b2c4765161303c055af2adc39a8"}
,"/Users/rilsonoliveira/Desktop/Cursos/Rocketseat-Ignite/Trilha_RN_2021/gofinances/src/screens/CategorySelect/styles.ts": {"path":"/Users/rilsonoliveira/Desktop/Cursos/Rocketseat-Ignite/Trilha_RN_2021/gofinances/src/screens/CategorySelect/styles.ts","statementMap":{"0":{"start":{"line":10,"column":25},"end":{"line":13,"column":1}},"1":{"start":{"line":12,"column":37},"end":{"line":12,"column":60}},"2":{"start":{"line":15,"column":22},"end":{"line":22,"column":1}},"3":{"start":{"line":18,"column":37},"end":{"line":18,"column":57}},"4":{"start":{"line":24,"column":21},"end":{"line":28,"column":1}},"5":{"start":{"line":25,"column":32},"end":{"line":25,"column":51}},"6":{"start":{"line":27,"column":26},"end":{"line":27,"column":44}},"7":{"start":{"line":30,"column":24},"end":{"line":37,"column":1}},"8":{"start":{"line":36,"column":4},"end":{"line":36,"column":63}},"9":{"start":{"line":39,"column":20},"end":{"line":43,"column":1}},"10":{"start":{"line":40,"column":32},"end":{"line":40,"column":51}},"11":{"start":{"line":45,"column":20},"end":{"line":48,"column":1}},"12":{"start":{"line":46,"column":32},"end":{"line":46,"column":51}},"13":{"start":{"line":50,"column":25},"end":{"line":54,"column":1}},"14":{"start":{"line":53,"column":37},"end":{"line":53,"column":54}},"15":{"start":{"line":56,"column":22},"end":{"line":59,"column":1}}},"fnMap":{"0":{"name":"(anonymous_0)","decl":{"start":{"line":12,"column":22},"end":{"line":12,"column":23}},"loc":{"start":{"line":12,"column":37},"end":{"line":12,"column":60}},"line":12},"1":{"name":"(anonymous_1)","decl":{"start":{"line":18,"column":22},"end":{"line":18,"column":23}},"loc":{"start":{"line":18,"column":37},"end":{"line":18,"column":57}},"line":18},"2":{"name":"(anonymous_2)","decl":{"start":{"line":25,"column":17},"end":{"line":25,"column":18}},"loc":{"start":{"line":25,"column":32},"end":{"line":25,"column":51}},"line":25},"3":{"name":"(anonymous_3)","decl":{"start":{"line":27,"column":11},"end":{"line":27,"column":12}},"loc":{"start":{"line":27,"column":26},"end":{"line":27,"column":44}},"line":27},"4":{"name":"(anonymous_4)","decl":{"start":{"line":35,"column":22},"end":{"line":35,"column":23}},"loc":{"start":{"line":36,"column":4},"end":{"line":36,"column":63}},"line":36},"5":{"name":"(anonymous_5)","decl":{"start":{"line":40,"column":17},"end":{"line":40,"column":18}},"loc":{"start":{"line":40,"column":32},"end":{"line":40,"column":51}},"line":40},"6":{"name":"(anonymous_6)","decl":{"start":{"line":46,"column":17},"end":{"line":46,"column":18}},"loc":{"start":{"line":46,"column":32},"end":{"line":46,"column":51}},"line":46},"7":{"name":"(anonymous_7)","decl":{"start":{"line":53,"column":22},"end":{"line":53,"column":23}},"loc":{"start":{"line":53,"column":37},"end":{"line":53,"column":54}},"line":53}},"branchMap":{"0":{"loc":{"start":{"line":36,"column":4},"end":{"line":36,"column":63}},"type":"cond-expr","locations":[{"start":{"line":36,"column":15},"end":{"line":36,"column":37}},{"start":{"line":36,"column":40},"end":{"line":36,"column":63}}],"line":36}},"s":{"0":1,"1":1,"2":1,"3":1,"4":1,"5":1,"6":1,"7":1,"8":6,"9":1,"10":6,"11":1,"12":6,"13":1,"14":5,"15":1},"f":{"0":1,"1":1,"2":1,"3":1,"4":6,"5":6,"6":6,"7":5},"b":{"0":[0,6]},"_coverageSchema":"1a1c01bbd47fc00a2c39e90264f33305004495a9","hash":"45e5da414c2991cda2fcf8f1d6b51f4b9f253546"}
,"/Users/rilsonoliveira/Desktop/Cursos/Rocketseat-Ignite/Trilha_RN_2021/gofinances/src/screens/Profile/index.tsx": {"path":"/Users/rilsonoliveira/Desktop/Cursos/Rocketseat-Ignite/Trilha_RN_2021/gofinances/src/screens/Profile/index.tsx","statementMap":{"0":{"start":{"line":5,"column":2},"end":{"line":25,"column":4}}},"fnMap":{"0":{"name":"Profile","decl":{"start":{"line":4,"column":16},"end":{"line":4,"column":23}},"loc":{"start":{"line":4,"column":26},"end":{"line":26,"column":1}},"line":4},"1":{"name":"(anonymous_1)","decl":{"start":{"line":23,"column":40},"end":{"line":23,"column":41}},"loc":{"start":{"line":23,"column":46},"end":{"line":23,"column":48}},"line":23}},"branchMap":{},"s":{"0":2},"f":{"0":2,"1":0},"b":{},"_coverageSchema":"1a1c01bbd47fc00a2c39e90264f33305004495a9","hash":"c0f027f41ff172b27a8a18d44b48d14b75f6d599"}
,"/Users/rilsonoliveira/Desktop/Cursos/Rocketseat-Ignite/Trilha_RN_2021/gofinances/src/screens/Register/index.tsx": {"path":"/Users/rilsonoliveira/Desktop/Cursos/Rocketseat-Ignite/Trilha_RN_2021/gofinances/src/screens/Register/index.tsx","statementMap":{"0":{"start":{"line":34,"column":15},"end":{"line":40,"column":2}},"1":{"start":{"line":43,"column":48},"end":{"line":43,"column":60}},"2":{"start":{"line":44,"column":52},"end":{"line":44,"column":67}},"3":{"start":{"line":45,"column":19},"end":{"line":45,"column":28}},"4":{"start":{"line":47,"column":18},"end":{"line":47,"column":56}},"5":{"start":{"line":49,"column":34},"end":{"line":52,"column":4}},"6":{"start":{"line":54,"column":54},"end":{"line":54,"column":69}},"7":{"start":{"line":61,"column":6},"end":{"line":63,"column":4}},"8":{"start":{"line":66,"column":4},"end":{"line":66,"column":29}},"9":{"start":{"line":70,"column":4},"end":{"line":70,"column":31}},"10":{"start":{"line":74,"column":4},"end":{"line":74,"column":32}},"11":{"start":{"line":78,"column":4},"end":{"line":78,"column":78}},"12":{"start":{"line":78,"column":26},"end":{"line":78,"column":78}},"13":{"start":{"line":80,"column":4},"end":{"line":81,"column":50}},"14":{"start":{"line":81,"column":6},"end":{"line":81,"column":50}},"15":{"start":{"line":83,"column":27},"end":{"line":90,"column":5}},"16":{"start":{"line":92,"column":4},"end":{"line":111,"column":5}},"17":{"start":{"line":93,"column":19},"end":{"line":93,"column":54}},"18":{"start":{"line":94,"column":26},"end":{"line":94,"column":54}},"19":{"start":{"line":96,"column":28},"end":{"line":96,"column":60}},"20":{"start":{"line":98,"column":6},"end":{"line":98,"column":73}},"21":{"start":{"line":100,"column":6},"end":{"line":100,"column":14}},"22":{"start":{"line":101,"column":6},"end":{"line":101,"column":29}},"23":{"start":{"line":102,"column":6},"end":{"line":105,"column":9}},"24":{"start":{"line":107,"column":6},"end":{"line":107,"column":27}},"25":{"start":{"line":109,"column":6},"end":{"line":109,"column":38}},"26":{"start":{"line":110,"column":6},"end":{"line":110,"column":45}},"27":{"start":{"line":114,"column":2},"end":{"line":120,"column":9}},"28":{"start":{"line":116,"column":19},"end":{"line":116,"column":54}},"29":{"start":{"line":119,"column":4},"end":{"line":119,"column":15}},"30":{"start":{"line":122,"column":2},"end":{"line":188,"column":4}},"31":{"start":{"line":154,"column":31},"end":{"line":154,"column":70}},"32":{"start":{"line":160,"column":31},"end":{"line":160,"column":70}}},"fnMap":{"0":{"name":"Register","decl":{"start":{"line":42,"column":16},"end":{"line":42,"column":24}},"loc":{"start":{"line":42,"column":27},"end":{"line":189,"column":1}},"line":42},"1":{"name":"handleTransactionTypeSelect","decl":{"start":{"line":65,"column":11},"end":{"line":65,"column":38}},"loc":{"start":{"line":65,"column":70},"end":{"line":67,"column":3}},"line":65},"2":{"name":"handleOpenSelectCategoryModal","decl":{"start":{"line":69,"column":11},"end":{"line":69,"column":40}},"loc":{"start":{"line":69,"column":43},"end":{"line":71,"column":3}},"line":69},"3":{"name":"handleCloseSelectCategoryModal","decl":{"start":{"line":73,"column":11},"end":{"line":73,"column":41}},"loc":{"start":{"line":73,"column":44},"end":{"line":75,"column":3}},"line":73},"4":{"name":"handleRegister","decl":{"start":{"line":77,"column":17},"end":{"line":77,"column":31}},"loc":{"start":{"line":77,"column":48},"end":{"line":112,"column":3}},"line":77},"5":{"name":"(anonymous_5)","decl":{"start":{"line":114,"column":12},"end":{"line":114,"column":13}},"loc":{"start":{"line":114,"column":18},"end":{"line":120,"column":3}},"line":114},"6":{"name":"loadData","decl":{"start":{"line":115,"column":19},"end":{"line":115,"column":27}},"loc":{"start":{"line":115,"column":30},"end":{"line":117,"column":5}},"line":115},"7":{"name":"(anonymous_7)","decl":{"start":{"line":154,"column":25},"end":{"line":154,"column":26}},"loc":{"start":{"line":154,"column":31},"end":{"line":154,"column":70}},"line":154},"8":{"name":"(anonymous_8)","decl":{"start":{"line":160,"column":25},"end":{"line":160,"column":26}},"loc":{"start":{"line":160,"column":31},"end":{"line":160,"column":70}},"line":160}},"branchMap":{"0":{"loc":{"start":{"line":78,"column":4},"end":{"line":78,"column":78}},"type":"if","locations":[{"start":{"line":78,"column":4},"end":{"line":78,"column":78}},{"start":{},"end":{}}],"line":78},"1":{"loc":{"start":{"line":80,"column":4},"end":{"line":81,"column":50}},"type":"if","locations":[{"start":{"line":80,"column":4},"end":{"line":81,"column":50}},{"start":{},"end":{}}],"line":80},"2":{"loc":{"start":{"line":94,"column":26},"end":{"line":94,"column":54}},"type":"cond-expr","locations":[{"start":{"line":94,"column":33},"end":{"line":94,"column":49}},{"start":{"line":94,"column":52},"end":{"line":94,"column":54}}],"line":94},"3":{"loc":{"start":{"line":141,"column":21},"end":{"line":141,"column":63}},"type":"binary-expr","locations":[{"start":{"line":141,"column":21},"end":{"line":141,"column":32}},{"start":{"line":141,"column":36},"end":{"line":141,"column":63}}],"line":141},"4":{"loc":{"start":{"line":148,"column":21},"end":{"line":148,"column":67}},"type":"binary-expr","locations":[{"start":{"line":148,"column":21},"end":{"line":148,"column":34}},{"start":{"line":148,"column":38},"end":{"line":148,"column":67}}],"line":148}},"s":{"0":1,"1":2,"2":2,"3":2,"4":2,"5":2,"6":2,"7":2,"8":0,"9":1,"10":0,"11":0,"12":0,"13":0,"14":0,"15":0,"16":0,"17":0,"18":0,"19":0,"20":0,"21":0,"22":0,"23":0,"24":0,"25":0,"26":0,"27":2,"28":1,"29":1,"30":2,"31":0,"32":0},"f":{"0":2,"1":0,"2":1,"3":0,"4":0,"5":1,"6":1,"7":0,"8":0},"b":{"0":[0,0],"1":[0,0],"2":[0,0],"3":[2,0],"4":[2,0]},"_coverageSchema":"1a1c01bbd47fc00a2c39e90264f33305004495a9","hash":"3e4ac135c7d7a2d23c405a83f787d81743b18ed6"}
,"/Users/rilsonoliveira/Desktop/Cursos/Rocketseat-Ignite/Trilha_RN_2021/gofinances/src/screens/Register/styles.ts": {"path":"/Users/rilsonoliveira/Desktop/Cursos/Rocketseat-Ignite/Trilha_RN_2021/gofinances/src/screens/Register/styles.ts","statementMap":{"0":{"start":{"line":4,"column":25},"end":{"line":7,"column":1}},"1":{"start":{"line":6,"column":37},"end":{"line":6,"column":60}},"2":{"start":{"line":9,"column":22},"end":{"line":16,"column":1}},"3":{"start":{"line":10,"column":37},"end":{"line":10,"column":57}},"4":{"start":{"line":18,"column":21},"end":{"line":22,"column":1}},"5":{"start":{"line":19,"column":32},"end":{"line":19,"column":51}},"6":{"start":{"line":20,"column":26},"end":{"line":20,"column":44}},"7":{"start":{"line":24,"column":20},"end":{"line":29,"column":1}},"8":{"start":{"line":31,"column":22},"end":{"line":31,"column":35}},"9":{"start":{"line":33,"column":32},"end":{"line":38,"column":1}}},"fnMap":{"0":{"name":"(anonymous_0)","decl":{"start":{"line":6,"column":22},"end":{"line":6,"column":23}},"loc":{"start":{"line":6,"column":37},"end":{"line":6,"column":60}},"line":6},"1":{"name":"(anonymous_1)","decl":{"start":{"line":10,"column":22},"end":{"line":10,"column":23}},"loc":{"start":{"line":10,"column":37},"end":{"line":10,"column":57}},"line":10},"2":{"name":"(anonymous_2)","decl":{"start":{"line":19,"column":17},"end":{"line":19,"column":18}},"loc":{"start":{"line":19,"column":32},"end":{"line":19,"column":51}},"line":19},"3":{"name":"(anonymous_3)","decl":{"start":{"line":20,"column":11},"end":{"line":20,"column":12}},"loc":{"start":{"line":20,"column":26},"end":{"line":20,"column":44}},"line":20}},"branchMap":{},"s":{"0":1,"1":2,"2":1,"3":2,"4":1,"5":2,"6":2,"7":1,"8":1,"9":1},"f":{"0":2,"1":2,"2":2,"3":2},"b":{},"_coverageSchema":"1a1c01bbd47fc00a2c39e90264f33305004495a9","hash":"e8ea69e08860bf07cd742f4d98885882af8bfabe"}
,"/Users/rilsonoliveira/Desktop/Cursos/Rocketseat-Ignite/Trilha_RN_2021/gofinances/src/utils/categories.ts": {"path":"/Users/rilsonoliveira/Desktop/Cursos/Rocketseat-Ignite/Trilha_RN_2021/gofinances/src/utils/categories.ts","statementMap":{"0":{"start":{"line":1,"column":26},"end":{"line":8,"column":1}}},"fnMap":{},"branchMap":{},"s":{"0":1},"f":{},"b":{},"_coverageSchema":"1a1c01bbd47fc00a2c39e90264f33305004495a9","hash":"214fee254b713d680aeb41f6193ba708ce6fd814"}
}
