TN:
SF:src/AuthContext.tsx
FNF:0
FNH:0
DA:3,0
LF:1
LH:0
BRF:0
BRH:0
end_of_record
TN:
SF:src/components/Form/Button/index.tsx
FN:9,Button
FNF:1
FNH:1
FNDA:3,Button
DA:10,3
LF:1
LH:1
BRF:0
BRH:0
end_of_record
TN:
SF:src/components/Form/CategorySelectButton/index.tsx
FN:9,CategorySelectButton
FNF:1
FNH:1
FNDA:2,CategorySelectButton
DA:10,2
LF:1
LH:1
BRF:0
BRH:0
end_of_record
TN:
SF:src/components/Form/Input/index.tsx
FN:9,Input
FNF:1
FNH:1
FNDA:5,Input
DA:10,5
LF:1
LH:1
BRDA:9,0,0,4
BRF:1
BRH:1
end_of_record
TN:
SF:src/components/Form/InputForm/index.tsx
FN:13,InputForm
FN:18,(anonymous_1)
FNF:2
FNH:2
FNDA:4,InputForm
FNDA:4,(anonymous_1)
DA:14,4
DA:19,4
LF:2
LH:2
BRDA:23,0,0,4
BRDA:23,0,1,0
BRF:2
BRH:1
end_of_record
TN:
SF:src/components/Form/TransactionTypeButton/index.tsx
FN:16,TransactionTypeButton
FNF:1
FNH:1
FNDA:4,TransactionTypeButton
DA:11,1
DA:22,4
LF:2
LH:2
BRF:0
BRH:0
end_of_record
TN:
SF:src/components/HighlightCard/index.tsx
FN:25,HighlightCard
FNF:1
FNH:0
FNDA:0,HighlightCard
DA:19,0
DA:26,0
LF:2
LH:0
BRF:0
BRH:0
end_of_record
TN:
SF:src/components/HistoryCard/index.tsx
FN:10,HistoryCard
FNF:1
FNH:0
FNDA:0,HistoryCard
DA:11,0
LF:1
LH:0
BRF:0
BRH:0
end_of_record
TN:
SF:src/components/SignInSocialButton/index.tsx
FN:11,SignInSocialButton
FNF:1
FNH:0
FNDA:0,SignInSocialButton
DA:12,0
LF:1
LH:0
BRF:0
BRH:0
end_of_record
TN:
SF:src/components/TransactionCard/index.tsx
FN:26,TransactionCard
FN:27,(anonymous_1)
FNF:2
FNH:0
FNDA:0,TransactionCard
FNDA:0,(anonymous_1)
DA:27,0
DA:29,0
LF:2
LH:0
BRDA:33,0,0,0
BRDA:33,0,1,0
BRF:2
BRH:0
end_of_record
TN:
SF:src/hooks/auth.tsx
FN:40,AuthProvider
FN:46,signInWithGoogle
FN:78,signInWithApple
FN:106,(anonymous_3)
FN:113,(anonymous_4)
FN:117,(anonymous_5)
FN:118,loadUserStorageData
FN:147,useAuth
FNF:8
FNH:6
FNDA:9,AuthProvider
FNDA:3,signInWithGoogle
FNDA:0,signInWithApple
FNDA:0,(anonymous_3)
FNDA:9,(anonymous_4)
FNDA:3,(anonymous_5)
FNDA:3,loadUserStorageData
FNDA:11,useAuth
DA:13,2
DA:14,2
DA:38,2
DA:41,9
DA:42,9
DA:44,9
DA:47,3
DA:48,3
DA:49,3
DA:51,3
DA:53,3
DA:57,2
DA:58,1
DA:61,1
DA:63,1
DA:70,1
DA:71,1
DA:74,1
DA:79,0
DA:80,0
DA:87,0
DA:88,0
DA:89,0
DA:90,0
DA:97,0
DA:98,0
DA:99,0
DA:102,0
DA:106,9
DA:107,0
DA:109,0
DA:112,9
DA:113,9
DA:117,9
DA:119,3
DA:121,3
DA:122,2
DA:123,2
DA:126,3
DA:129,3
DA:132,9
DA:148,11
DA:149,11
LF:43
LH:31
BRDA:57,0,0,1
BRDA:57,0,1,1
BRDA:87,1,0,0
BRDA:87,1,1,0
BRDA:121,2,0,2
BRDA:121,2,1,1
BRF:6
BRH:4
end_of_record
TN:
SF:src/routes/app.routes.tsx
FN:12,AppRoutes
FN:31,(anonymous_1)
FN:45,(anonymous_2)
FN:55,(anonymous_3)
FNF:4
FNH:0
FNDA:0,AppRoutes
FNDA:0,(anonymous_1)
FNDA:0,(anonymous_2)
FNDA:0,(anonymous_3)
DA:10,0
DA:13,0
DA:14,0
DA:32,0
DA:46,0
DA:56,0
LF:6
LH:0
BRDA:23,0,0,0
BRDA:23,0,1,0
BRF:2
BRH:0
end_of_record
TN:
SF:src/routes/auth.routes.tsx
FN:7,AuthRoutes
FNF:1
FNH:0
FNDA:0,AuthRoutes
DA:5,0
DA:8,0
LF:2
LH:0
BRF:0
BRH:0
end_of_record
TN:
SF:src/routes/index.tsx
FN:8,Routes
FNF:1
FNH:0
FNDA:0,Routes
DA:9,0
DA:10,0
LF:2
LH:0
BRDA:12,0,0,0
BRDA:12,0,1,0
BRF:2
BRH:0
end_of_record
TN:
SF:src/screens/CategorySelect/index.tsx
FN:27,CategorySelect
FN:32,handleCategorySelect
FN:43,(anonymous_2)
FN:44,(anonymous_3)
FN:46,(anonymous_4)
FN:53,(anonymous_5)
FNF:6
FNH:4
FNDA:1,CategorySelect
FNDA:0,handleCategorySelect
FNDA:6,(anonymous_2)
FNDA:6,(anonymous_3)
FNDA:0,(anonymous_4)
FNDA:5,(anonymous_5)
DA:33,0
DA:35,1
DA:43,6
DA:45,6
DA:46,0
DA:53,5
LF:6
LH:4
BRF:0
BRH:0
end_of_record
TN:
SF:src/screens/Dashboard/index.tsx
FN:45,Dashboard
FN:55,getLastTransactionDate
FN:60,(anonymous_2)
FN:70,(anonymous_3)
FN:82,loadTransactions
FN:91,(anonymous_5)
FN:169,(anonymous_6)
FN:174,(anonymous_7)
FN:233,(anonymous_8)
FN:234,(anonymous_9)
FNF:10
FNH:0
FNDA:0,Dashboard
FNDA:0,getLastTransactionDate
FNDA:0,(anonymous_2)
FNDA:0,(anonymous_3)
FNDA:0,loadTransactions
FNDA:0,(anonymous_5)
FNDA:0,(anonymous_6)
FNDA:0,(anonymous_7)
FNDA:0,(anonymous_8)
FNDA:0,(anonymous_9)
DA:46,0
DA:47,0
DA:48,0
DA:52,0
DA:53,0
DA:59,0
DA:60,0
DA:63,0
DA:64,0
DA:67,0
DA:71,0
DA:76,0
DA:83,0
DA:84,0
DA:85,0
DA:87,0
DA:88,0
DA:90,0
DA:92,0
DA:93,0
DA:95,0
DA:98,0
DA:103,0
DA:109,0
DA:120,0
DA:122,0
DA:126,0
DA:131,0
DA:135,0
DA:137,0
DA:166,0
DA:169,0
DA:170,0
DA:173,0
DA:175,0
DA:179,0
DA:233,0
DA:234,0
LF:38
LH:0
BRDA:63,0,0,0
BRDA:63,0,1,0
BRDA:85,1,0,0
BRDA:85,1,1,0
BRDA:92,2,0,0
BRDA:92,2,1,0
BRDA:131,3,0,0
BRDA:131,3,1,0
BRDA:144,4,0,0
BRDA:144,4,1,0
BRDA:154,5,0,0
BRDA:154,5,1,0
BRDA:181,6,0,0
BRDA:181,6,1,0
BRF:14
BRH:0
end_of_record
TN:
SF:src/screens/Profile/index.tsx
FN:4,Profile
FN:23,(anonymous_1)
FNF:2
FNH:1
FNDA:2,Profile
FNDA:0,(anonymous_1)
DA:5,2
LF:1
LH:1
BRF:0
BRH:0
end_of_record
TN:
SF:src/screens/Register/index.tsx
FN:42,Register
FN:65,handleTransactionTypeSelect
FN:69,handleOpenSelectCategoryModal
FN:73,handleCloseSelectCategoryModal
FN:77,handleRegister
FN:114,(anonymous_5)
FN:115,loadData
FN:154,(anonymous_7)
FN:160,(anonymous_8)
FNF:9
FNH:4
FNDA:2,Register
FNDA:0,handleTransactionTypeSelect
FNDA:1,handleOpenSelectCategoryModal
FNDA:0,handleCloseSelectCategoryModal
FNDA:0,handleRegister
FNDA:1,(anonymous_5)
FNDA:1,loadData
FNDA:0,(anonymous_7)
FNDA:0,(anonymous_8)
DA:34,1
DA:43,2
DA:44,2
DA:45,2
DA:47,2
DA:49,2
DA:54,2
DA:61,2
DA:66,0
DA:70,1
DA:74,0
DA:78,0
DA:80,0
DA:81,0
DA:83,0
DA:92,0
DA:93,0
DA:94,0
DA:96,0
DA:98,0
DA:100,0
DA:101,0
DA:102,0
DA:107,0
DA:109,0
DA:110,0
DA:114,2
DA:116,1
DA:119,1
DA:122,2
DA:154,0
DA:160,0
LF:32
LH:13
BRDA:78,0,0,0
BRDA:78,0,1,0
BRDA:80,1,0,0
BRDA:80,1,1,0
BRDA:94,2,0,0
BRDA:94,2,1,0
BRDA:141,3,0,2
BRDA:141,3,1,0
BRDA:148,4,0,2
BRDA:148,4,1,0
BRF:10
BRH:2
end_of_record
TN:
SF:src/screens/Resume/index.tsx
FN:44,Resume
FN:53,handleDateChange
FN:61,loadData
FN:68,(anonymous_3)
FN:75,(anonymous_4)
FN:83,(anonymous_5)
FN:86,(anonymous_6)
FN:117,(anonymous_7)
FN:140,(anonymous_8)
FN:148,(anonymous_9)
FN:156,(anonymous_10)
FN:170,(anonymous_11)
FNF:12
FNH:0
FNDA:0,Resume
FNDA:0,handleDateChange
FNDA:0,loadData
FNDA:0,(anonymous_3)
FNDA:0,(anonymous_4)
FNDA:0,(anonymous_5)
FNDA:0,(anonymous_6)
FNDA:0,(anonymous_7)
FNDA:0,(anonymous_8)
FNDA:0,(anonymous_9)
FNDA:0,(anonymous_10)
FNDA:0,(anonymous_11)
DA:45,0
DA:46,0
DA:47,0
DA:50,0
DA:51,0
DA:54,0
DA:55,0
DA:57,0
DA:62,0
DA:63,0
DA:64,0
DA:65,0
DA:67,0
DA:69,0
DA:74,0
DA:76,0
DA:81,0
DA:83,0
DA:84,0
DA:86,0
DA:87,0
DA:88,0
DA:92,0
DA:93,0
DA:98,0
DA:102,0
DA:112,0
DA:113,0
DA:116,0
DA:118,0
DA:122,0
DA:140,0
DA:148,0
DA:156,0
DA:171,0
LF:35
LH:0
BRDA:54,0,0,0
BRDA:54,0,1,0
BRDA:65,1,0,0
BRDA:65,1,1,0
BRDA:69,2,0,0
BRDA:69,2,1,0
BRDA:69,2,2,0
BRDA:87,3,0,0
BRDA:87,3,1,0
BRDA:92,4,0,0
BRDA:92,4,1,0
BRDA:127,5,0,0
BRDA:127,5,1,0
BRF:13
BRH:0
end_of_record
TN:
SF:src/screens/SignIn/index.tsx
FN:20,SignIn
FN:25,handleSignInWithGoogle
FN:36,handleSignInWithApple
FNF:3
FNH:0
FNDA:0,SignIn
FNDA:0,handleSignInWithGoogle
FNDA:0,handleSignInWithApple
DA:21,0
DA:22,0
DA:23,0
DA:26,0
DA:27,0
DA:28,0
DA:30,0
DA:31,0
DA:32,0
DA:37,0
DA:38,0
DA:39,0
DA:41,0
DA:42,0
DA:43,0
DA:47,0
LF:16
LH:0
BRDA:68,0,0,0
BRDA:68,0,1,0
BRDA:76,1,0,0
BRDA:76,1,1,0
BRF:4
BRH:0
end_of_record
